mean.fst, var.fst, pi, tau, rho
0.152025627153, 0.00386264021212, 0.3316375, 0.103391880635, 0.855880759418
0.154701452342, 0.00435878020037, 0.18544047619, 0.557012513047, 0.939572692399
0.162810583741, 0.00414589546301, 0.240361111111, 0.861065716483, 0.761582111955
0.114939409962, 0.00495099638038, 0.152916666667, 0.735114593757, 1.02981491752
0.0, 0.0, 0.263616071429, 0.956019045552, 0.940912508122
0.119898334957, 0.0165089495816, 0.217222222222, 0.612820728915, 1.19393723753
0.134420872932, 0.00350890091795, 0.347975, 0.352466598852, 0.990097153783
0.137929389323, 0.0120062738043, 0.179453125, 0.528181097703, 0.794323579412
0.0, 0.0, 0.593214285714, 0.804395610467, 1.00564159309
0.0932143299158, 0.00654421974793, 0.162208333333, 0.0689874952659, 1.1265417428
0.108883816727, 0.0023269792786, 0.2855125, 0.345566884615, 1.03550096384
0.0868532535666, 0.00184026852765, 0.231527777778, 0.511215839069, 1.47766832313
0.0921889830494, 0.00104066947479, 0.318833333333, 0.811967677437, 0.781410045898
0.121157989593, 0.00385826498377, 0.292832142857, 0.117470534518, 0.562471032035
0.09703827549, 0.0022545012425, 0.223697916667, 0.904833107721, 1.09724225457
0.0943734791028, 0.00614260982245, 0.637324074074, 0.541610101704, 1.05615570094
0.0959725022522, 0.00169405415487, 0.57975, 0.114305434516, 0.983404220723
0.0704193618989, 0.00122274203644, 0.23805, 0.239312041784, 1.26680454675
0.0961857584888, 0.00452548443809, 0.255634259259, 0.320649667177, 0.649913875151
0.138413582447, 0.0070196777201, 0.211067708333, 0.587723103818, 0.719924906069
